<?xml version="1.0" encoding="UTF-8"?>
<testng-results ignored="0" total="2" passed="2" failed="0" skipped="0">
  <reporter-output>
  </reporter-output>
  <suite started-at="2022-03-31T12:05:02 IST" name="Suite" finished-at="2022-03-31T12:08:29 IST" duration-ms="206735">
    <groups>
    </groups>
    <test started-at="2022-03-31T12:05:02 IST" name="Test" finished-at="2022-03-31T12:08:29 IST" duration-ms="206735">
      <class name="com.automation.test.LoginTestClass">
        <test-method is-config="true" signature="browserlaunch()[pri:0, instance:com.automation.test.LoginTestClass@36916eb0]" started-at="2022-03-31T12:05:02 IST" name="browserlaunch" finished-at="2022-03-31T12:07:07 IST" duration-ms="124376" status="PASS">
          <reporter-output>
          </reporter-output>
        </test-method> <!-- browserlaunch -->
        <test-method is-config="true" signature="loginToApp()[pri:0, instance:com.automation.test.LoginTestClass@36916eb0]" started-at="2022-03-31T12:07:07 IST" name="loginToApp" finished-at="2022-03-31T12:07:40 IST" duration-ms="32843" status="PASS">
          <reporter-output>
          </reporter-output>
        </test-method> <!-- loginToApp -->
        <test-method signature="verificationOfInitials()[pri:0, instance:com.automation.test.LoginTestClass@36916eb0]" started-at="2022-03-31T12:07:40 IST" name="verificationOfInitials" finished-at="2022-03-31T12:08:11 IST" duration-ms="30829" status="PASS">
          <reporter-output>
          </reporter-output>
        </test-method> <!-- verificationOfInitials -->
        <test-method is-config="true" signature="profilenavigation(org.testng.ITestResult)[pri:0, instance:com.automation.test.LoginTestClass@36916eb0]" started-at="2022-03-31T12:08:11 IST" name="profilenavigation" finished-at="2022-03-31T12:08:21 IST" duration-ms="9886" status="PASS">
          <params>
            <param index="0">
              <value>
                <![CDATA[[TestResult name=verificationOfInitials status=SUCCESS method=LoginTestClass.verificationOfInitials()[pri:0, instance:com.automation.test.LoginTestClass@36916eb0] output={null}]]]>
              </value>
            </param>
          </params>
          <reporter-output>
          </reporter-output>
        </test-method> <!-- profilenavigation -->
        <test-method signature="verificationOfLogo()[pri:0, instance:com.automation.test.LoginTestClass@36916eb0]" started-at="2022-03-31T12:08:21 IST" name="verificationOfLogo" finished-at="2022-03-31T12:08:22 IST" duration-ms="1869" status="PASS">
          <reporter-output>
          </reporter-output>
        </test-method> <!-- verificationOfLogo -->
        <test-method is-config="true" signature="profilenavigation(org.testng.ITestResult)[pri:0, instance:com.automation.test.LoginTestClass@36916eb0]" started-at="2022-03-31T12:08:22 IST" name="profilenavigation" finished-at="2022-03-31T12:08:26 IST" duration-ms="3076" status="PASS">
          <params>
            <param index="0">
              <value>
                <![CDATA[[TestResult name=verificationOfLogo status=SUCCESS method=LoginTestClass.verificationOfLogo()[pri:0, instance:com.automation.test.LoginTestClass@36916eb0] output={null}]]]>
              </value>
            </param>
          </params>
          <reporter-output>
          </reporter-output>
        </test-method> <!-- profilenavigation -->
        <test-method is-config="true" signature="closeBrowser()[pri:0, instance:com.automation.test.LoginTestClass@36916eb0]" started-at="2022-03-31T12:08:26 IST" name="closeBrowser" finished-at="2022-03-31T12:08:29 IST" duration-ms="3583" status="PASS">
          <reporter-output>
          </reporter-output>
        </test-method> <!-- closeBrowser -->
      </class> <!-- com.automation.test.LoginTestClass -->
    </test> <!-- Test -->
  </suite> <!-- Suite -->
</testng-results>
